<?xml version="1.0" encoding="UTF-8"?>
<testng-results ignored="0" total="3" passed="3" failed="0" skipped="0">
  <reporter-output>
  </reporter-output>
  <suite started-at="2024-04-30T11:53:52Z" name="Suite" finished-at="2024-04-30T11:54:05Z" duration-ms="12489">
    <groups>
    </groups>
    <test started-at="2024-04-30T11:53:52Z" name="Test1" finished-at="2024-04-30T11:53:58Z" duration-ms="6062">
      <class name="testNg.GoogleCrossBrowserTest">
        <test-method signature="googleTest(java.lang.String)[pri:0, instance:testNg.GoogleCrossBrowserTest@1fa1cab1]" started-at="2024-04-30T11:53:52Z" name="googleTest" finished-at="2024-04-30T11:53:58Z" duration-ms="6009" status="PASS">
          <params>
            <param index="0">
              <value>
                <![CDATA[chrome]]>
              </value>
            </param>
          </params>
          <reporter-output>
          </reporter-output>
        </test-method> <!-- googleTest -->
      </class> <!-- testNg.GoogleCrossBrowserTest -->
    </test> <!-- Test1 -->
    <test started-at="2024-04-30T11:53:52Z" name="Test3" finished-at="2024-04-30T11:54:00Z" duration-ms="7684">
      <class name="testNg.GoogleCrossBrowserTest">
        <test-method signature="googleTest(java.lang.String)[pri:0, instance:testNg.GoogleCrossBrowserTest@1c93f6e1]" started-at="2024-04-30T11:53:52Z" name="googleTest" finished-at="2024-04-30T11:54:00Z" duration-ms="7639" status="PASS">
          <params>
            <param index="0">
              <value>
                <![CDATA[edge]]>
              </value>
            </param>
          </params>
          <reporter-output>
          </reporter-output>
        </test-method> <!-- googleTest -->
      </class> <!-- testNg.GoogleCrossBrowserTest -->
    </test> <!-- Test3 -->
    <test started-at="2024-04-30T11:53:52Z" name="Test2" finished-at="2024-04-30T11:54:05Z" duration-ms="12489">
      <class name="testNg.GoogleCrossBrowserTest">
        <test-method signature="googleTest(java.lang.String)[pri:0, instance:testNg.GoogleCrossBrowserTest@7a362b6b]" started-at="2024-04-30T11:53:52Z" name="googleTest" finished-at="2024-04-30T11:54:05Z" duration-ms="12444" status="PASS">
          <params>
            <param index="0">
              <value>
                <![CDATA[firefox]]>
              </value>
            </param>
          </params>
          <reporter-output>
          </reporter-output>
        </test-method> <!-- googleTest -->
      </class> <!-- testNg.GoogleCrossBrowserTest -->
    </test> <!-- Test2 -->
  </suite> <!-- Suite -->
</testng-results>
